# JRE version: OpenJDK Runtime Environment Temurin-21.0.8+9 (21.0.8+9) (build 21.0.8+9-LTS)
# Java VM: OpenJDK 64-Bit Server VM Temurin-21.0.8+9 (21.0.8+9-LTS, mixed mode, sharing, tiered, compressed oops, compressed class ptrs, g1 gc, windows-amd64)
GC Precious Log:
 CardTable entry size: 512
 Card Set container configuration: InlinePtr #cards 4 size 8 Array Of Cards #cards 16 size 48 Howl #buckets 8 coarsen threshold 3686 Howl Bitmap #cards 512 size 80 coarsen threshold 460 Card regions per heap region 1 cards per card region 4096
 CPUs: 20 total, 20 available
 Memory: 16176M
 Large Page Support: Disabled
 NUMA Support: Disabled
 Compressed Oops: Enabled (Zero based)
 Heap Region Size: 2M
 Heap Min Capacity: 8M
 Heap Initial Capacity: 254M
 Heap Max Capacity: 3G
 Pre-touch: Disabled
 Parallel Workers: 15
 Concurrent Workers: 4
 Concurrent Refinement Workers: 15
 Periodic GC: Disabled
Heap:
 garbage-first heap   total 212992K, used 133170K [0x0000000740000000, 0x0000000800000000)
  region size 2048K, 4 young (8192K), 4 survivors (8192K)
 Metaspace       used 140665K, committed 143296K, reserved 1179648K
  class space    used 18518K, committed 19776K, reserved 1048576K
GC Heap History (20 events):
Event: 29.539 GC heap after
{Heap after GC invocations=19 (full 0):
 garbage-first heap   total 151552K, used 74601K [0x0000000740000000, 0x0000000800000000)
  region size 2048K, 4 young (8192K), 4 survivors (8192K)
 Metaspace       used 93742K, committed 96064K, reserved 1179648K
  class space    used 13178K, committed 14336K, reserved 1048576K
}
Event: 30.118 GC heap before
{Heap before GC invocations=19 (full 0):
 garbage-first heap   total 151552K, used 127849K [0x0000000740000000, 0x0000000800000000)
  region size 2048K, 31 young (63488K), 4 survivors (8192K)
 Metaspace       used 98314K, committed 100608K, reserved 1179648K
  class space    used 13678K, committed 14848K, reserved 1048576K
}
Event: 30.124 GC heap after
{Heap after GC invocations=20 (full 0):
 garbage-first heap   total 151552K, used 77926K [0x0000000740000000, 0x0000000800000000)
  region size 2048K, 4 young (8192K), 4 survivors (8192K)
 Metaspace       used 98314K, committed 100608K, reserved 1179648K
  class space    used 13678K, committed 14848K, reserved 1048576K
}
Event: 30.678 GC heap before
{Heap before GC invocations=21 (full 0):
 garbage-first heap   total 151552K, used 131174K [0x0000000740000000, 0x0000000800000000)
  region size 2048K, 30 young (61440K), 4 survivors (8192K)
 Metaspace       used 104959K, committed 107392K, reserved 1179648K
  class space    used 14492K, committed 15680K, reserved 1048576K
}
Event: 30.684 GC heap after
{Heap after GC invocations=22 (full 0):
 garbage-first heap   total 151552K, used 81180K [0x0000000740000000, 0x0000000800000000)
  region size 2048K, 4 young (8192K), 4 survivors (8192K)
 Metaspace       used 104959K, committed 107392K, reserved 1179648K
  class space    used 14492K, committed 15680K, reserved 1048576K
}
Event: 31.105 GC heap before
{Heap before GC invocations=22 (full 0):
 garbage-first heap   total 151552K, used 130332K [0x0000000740000000, 0x0000000800000000)
  region size 2048K, 28 young (57344K), 4 survivors (8192K)
 Metaspace       used 112858K, committed 115264K, reserved 1179648K
  class space    used 15205K, committed 16384K, reserved 1048576K
}
Event: 31.109 GC heap after
{Heap after GC invocations=23 (full 0):
 garbage-first heap   total 182272K, used 82352K [0x0000000740000000, 0x0000000800000000)
  region size 2048K, 3 young (6144K), 3 survivors (6144K)
 Metaspace       used 112858K, committed 115264K, reserved 1179648K
  class space    used 15205K, committed 16384K, reserved 1048576K
}
Event: 33.220 GC heap before
{Heap before GC invocations=23 (full 0):
 garbage-first heap   total 182272K, used 162224K [0x0000000740000000, 0x0000000800000000)
  region size 2048K, 43 young (88064K), 3 survivors (6144K)
 Metaspace       used 117960K, committed 120448K, reserved 1179648K
  class space    used 15955K, committed 17152K, reserved 1048576K
}
Event: 33.225 GC heap after
{Heap after GC invocations=24 (full 0):
 garbage-first heap   total 182272K, used 88915K [0x0000000740000000, 0x0000000800000000)
  region size 2048K, 6 young (12288K), 6 survivors (12288K)
 Metaspace       used 117960K, committed 120448K, reserved 1179648K
  class space    used 15955K, committed 17152K, reserved 1048576K
}
Event: 33.454 GC heap before
{Heap before GC invocations=24 (full 0):
 garbage-first heap   total 182272K, used 158547K [0x0000000740000000, 0x0000000800000000)
  region size 2048K, 40 young (81920K), 6 survivors (12288K)
 Metaspace       used 118293K, committed 120704K, reserved 1179648K
  class space    used 15969K, committed 17152K, reserved 1048576K
}
Event: 33.460 GC heap after
{Heap after GC invocations=25 (full 0):
 garbage-first heap   total 182272K, used 98069K [0x0000000740000000, 0x0000000800000000)
  region size 2048K, 5 young (10240K), 5 survivors (10240K)
 Metaspace       used 118293K, committed 120704K, reserved 1179648K
  class space    used 15969K, committed 17152K, reserved 1048576K
}
Event: 34.543 GC heap before
{Heap before GC invocations=25 (full 0):
 garbage-first heap   total 182272K, used 159509K [0x0000000740000000, 0x0000000800000000)
  region size 2048K, 35 young (71680K), 5 survivors (10240K)
 Metaspace       used 121163K, committed 123648K, reserved 1179648K
  class space    used 16122K, committed 17344K, reserved 1048576K
}
Event: 34.548 GC heap after
{Heap after GC invocations=26 (full 0):
 garbage-first heap   total 182272K, used 107013K [0x0000000740000000, 0x0000000800000000)
  region size 2048K, 5 young (10240K), 5 survivors (10240K)
 Metaspace       used 121163K, committed 123648K, reserved 1179648K
  class space    used 16122K, committed 17344K, reserved 1048576K
}
Event: 35.790 GC heap before
{Heap before GC invocations=27 (full 0):
 garbage-first heap   total 182272K, used 160261K [0x0000000740000000, 0x0000000800000000)
  region size 2048K, 31 young (63488K), 5 survivors (10240K)
 Metaspace       used 126023K, committed 128512K, reserved 1179648K
  class space    used 16537K, committed 17792K, reserved 1048576K
}
Event: 35.796 GC heap after
{Heap after GC invocations=28 (full 0):
 garbage-first heap   total 182272K, used 110804K [0x0000000740000000, 0x0000000800000000)
  region size 2048K, 3 young (6144K), 3 survivors (6144K)
 Metaspace       used 126023K, committed 128512K, reserved 1179648K
  class space    used 16537K, committed 17792K, reserved 1048576K
}
Event: 37.236 GC heap before
{Heap before GC invocations=28 (full 0):
 garbage-first heap   total 182272K, used 162004K [0x0000000740000000, 0x0000000800000000)
  region size 2048K, 29 young (59392K), 3 survivors (6144K)
 Metaspace       used 129060K, committed 131648K, reserved 1179648K
  class space    used 16996K, committed 18304K, reserved 1048576K
}
Event: 37.240 GC heap after
{Heap after GC invocations=29 (full 0):
 garbage-first heap   total 182272K, used 105735K [0x0000000740000000, 0x0000000800000000)
  region size 2048K, 4 young (8192K), 4 survivors (8192K)
 Metaspace       used 129060K, committed 131648K, reserved 1179648K
  class space    used 16996K, committed 18304K, reserved 1048576K
}
Event: 42.887 GC heap before
{Heap before GC invocations=29 (full 0):
 garbage-first heap   total 182272K, used 156935K [0x0000000740000000, 0x0000000800000000)
  region size 2048K, 30 young (61440K), 4 survivors (8192K)
 Metaspace       used 134841K, committed 137536K, reserved 1179648K
  class space    used 17836K, committed 19136K, reserved 1048576K
}
Event: 42.896 GC heap after
{Heap after GC invocations=30 (full 0):
 garbage-first heap   total 182272K, used 110589K [0x0000000740000000, 0x0000000800000000)
  region size 2048K, 4 young (8192K), 4 survivors (8192K)
 Metaspace       used 134841K, committed 137536K, reserved 1179648K
  class space    used 17836K, committed 19136K, reserved 1048576K
}
Event: 46.292 GC heap before
{Heap before GC invocations=31 (full 0):
 garbage-first heap   total 188416K, used 169981K [0x0000000740000000, 0x0000000800000000)
  region size 2048K, 29 young (59392K), 4 survivors (8192K)
 Metaspace       used 140665K, committed 143296K, reserved 1179648K
  class space    used 18518K, committed 19776K, reserved 1048576K
}

